2023-02-15 09:00:31.393  INFO 16928 --- [main] com.example.BasicApplication             : Starting BasicApplication on DESKTOP-0OC9QS9 with PID 16928 (C:\Users\Lenovo\Documents\NetBeansProjects\CourseProject\target\classes started by Lenovo in C:\Users\Lenovo\Documents\NetBeansProjects\CourseProject)
2023-02-15 09:00:31.409  INFO 16928 --- [main] com.example.BasicApplication             : No active profile set, falling back to default profiles: default
2023-02-15 09:00:32.413  INFO 16928 --- [main] .s.d.r.c.RepositoryConfigurationDelegate : Bootstrapping Spring Data JPA repositories in DEFAULT mode.
2023-02-15 09:00:32.554  INFO 16928 --- [main] .s.d.r.c.RepositoryConfigurationDelegate : Finished Spring Data repository scanning in 128ms. Found 3 JPA repository interfaces.
2023-02-15 09:00:34.169  INFO 16928 --- [main] o.s.b.w.embedded.tomcat.TomcatWebServer  : Tomcat initialized with port(s): 8080 (http)
2023-02-15 09:00:34.185  INFO 16928 --- [main] o.apache.catalina.core.StandardService   : Starting service [Tomcat]
2023-02-15 09:00:34.185  INFO 16928 --- [main] org.apache.catalina.core.StandardEngine  : Starting Servlet engine: [Apache Tomcat/9.0.37]
2023-02-15 09:00:34.278  INFO 16928 --- [main] o.a.c.c.C.[Tomcat].[localhost].[/]       : Initializing Spring embedded WebApplicationContext
2023-02-15 09:00:34.278  INFO 16928 --- [main] w.s.c.ServletWebServerApplicationContext : Root WebApplicationContext: initialization completed in 2775 ms
2023-02-15 09:00:34.497  INFO 16928 --- [main] o.hibernate.jpa.internal.util.LogHelper  : HHH000204: Processing PersistenceUnitInfo [name: default]
2023-02-15 09:00:34.560  INFO 16928 --- [main] org.hibernate.Version                    : HHH000412: Hibernate ORM core version 5.4.18.Final
2023-02-15 09:00:34.794  INFO 16928 --- [main] o.hibernate.annotations.common.Version   : HCANN000001: Hibernate Commons Annotations {5.1.0.Final}
2023-02-15 09:00:34.950  INFO 16928 --- [main] com.zaxxer.hikari.HikariDataSource       : HikariPool-1 - Starting...
2023-02-15 09:00:36.138  INFO 16928 --- [main] com.zaxxer.hikari.HikariDataSource       : HikariPool-1 - Start completed.
2023-02-15 09:00:36.153  INFO 16928 --- [main] org.hibernate.dialect.Dialect            : HHH000400: Using dialect: org.hibernate.dialect.MySQL5Dialect
2023-02-15 09:00:37.278  INFO 16928 --- [main] o.h.e.t.j.p.i.JtaPlatformInitiator       : HHH000490: Using JtaPlatform implementation: [org.hibernate.engine.transaction.jta.platform.internal.NoJtaPlatform]
2023-02-15 09:00:37.278  INFO 16928 --- [main] j.LocalContainerEntityManagerFactoryBean : Initialized JPA EntityManagerFactory for persistence unit 'default'
2023-02-15 09:00:37.982  WARN 16928 --- [main] JpaBaseConfiguration$JpaWebConfiguration : spring.jpa.open-in-view is enabled by default. Therefore, database queries may be performed during view rendering. Explicitly configure spring.jpa.open-in-view to disable this warning
2023-02-15 09:00:38.107  INFO 16928 --- [main] o.s.s.concurrent.ThreadPoolTaskExecutor  : Initializing ExecutorService 'applicationTaskExecutor'
2023-02-15 09:00:39.013  INFO 16928 --- [main] o.s.b.w.embedded.tomcat.TomcatWebServer  : Tomcat started on port(s): 8080 (http) with context path ''
2023-02-15 09:00:39.028  INFO 16928 --- [main] com.example.BasicApplication             : Started BasicApplication in 8.459 seconds (JVM running for 9.323)
2023-02-15 09:02:24.078  INFO 2212 --- [main] com.example.BasicApplicationTests        : Starting BasicApplicationTests on DESKTOP-0OC9QS9 with PID 2212 (started by Lenovo in C:\Users\Lenovo\Documents\NetBeansProjects\CourseProject)
2023-02-15 09:02:24.093  INFO 2212 --- [main] com.example.BasicApplicationTests        : No active profile set, falling back to default profiles: default
2023-02-15 09:02:24.999  INFO 2212 --- [main] .s.d.r.c.RepositoryConfigurationDelegate : Bootstrapping Spring Data JPA repositories in DEFAULT mode.
2023-02-15 09:02:25.148  INFO 2212 --- [main] .s.d.r.c.RepositoryConfigurationDelegate : Finished Spring Data repository scanning in 134ms. Found 3 JPA repository interfaces.
2023-02-15 09:02:26.585  INFO 2212 --- [main] o.hibernate.jpa.internal.util.LogHelper  : HHH000204: Processing PersistenceUnitInfo [name: default]
2023-02-15 09:02:26.741  INFO 2212 --- [main] org.hibernate.Version                    : HHH000412: Hibernate ORM core version 5.4.18.Final
2023-02-15 09:02:26.960  INFO 2212 --- [main] o.hibernate.annotations.common.Version   : HCANN000001: Hibernate Commons Annotations {5.1.0.Final}
2023-02-15 09:02:27.976  INFO 2212 --- [main] com.zaxxer.hikari.HikariDataSource       : HikariPool-1 - Starting...
2023-02-15 09:02:29.257  INFO 2212 --- [main] com.zaxxer.hikari.HikariDataSource       : HikariPool-1 - Start completed.
2023-02-15 09:02:29.288  INFO 2212 --- [main] org.hibernate.dialect.Dialect            : HHH000400: Using dialect: org.hibernate.dialect.MySQL5Dialect
2023-02-15 09:02:30.741  INFO 2212 --- [main] o.h.e.t.j.p.i.JtaPlatformInitiator       : HHH000490: Using JtaPlatform implementation: [org.hibernate.engine.transaction.jta.platform.internal.NoJtaPlatform]
2023-02-15 09:02:30.757  INFO 2212 --- [main] j.LocalContainerEntityManagerFactoryBean : Initialized JPA EntityManagerFactory for persistence unit 'default'
2023-02-15 09:02:32.647  WARN 2212 --- [main] JpaBaseConfiguration$JpaWebConfiguration : spring.jpa.open-in-view is enabled by default. Therefore, database queries may be performed during view rendering. Explicitly configure spring.jpa.open-in-view to disable this warning
2023-02-15 09:02:33.101  INFO 2212 --- [main] o.s.s.concurrent.ThreadPoolTaskExecutor  : Initializing ExecutorService 'applicationTaskExecutor'
2023-02-15 09:02:35.501  INFO 2212 --- [main] com.example.BasicApplicationTests        : Started BasicApplicationTests in 12.003 seconds (JVM running for 13.591)
2023-02-15 09:02:35.782  INFO 2212 --- [SpringContextShutdownHook] o.s.s.concurrent.ThreadPoolTaskExecutor  : Shutting down ExecutorService 'applicationTaskExecutor'
2023-02-15 09:02:35.782  INFO 2212 --- [SpringContextShutdownHook] j.LocalContainerEntityManagerFactoryBean : Closing JPA EntityManagerFactory for persistence unit 'default'
2023-02-15 09:02:35.782  INFO 2212 --- [SpringContextShutdownHook] com.zaxxer.hikari.HikariDataSource       : HikariPool-1 - Shutdown initiated...
2023-02-15 09:02:35.813  INFO 2212 --- [SpringContextShutdownHook] com.zaxxer.hikari.HikariDataSource       : HikariPool-1 - Shutdown completed.
